<?xml version="1.0" encoding="UTF-8" ?>
<testsuite tests="49" failures="1" name="TestSuite" time="2.446" errors="0" skipped="48">
  <properties>
    <property name="java.runtime.name" value="Java(TM) SE Runtime Environment"/>
    <property name="sun.boot.library.path" value="C:\Program Files\Java\jdk1.8.0_291\jre\bin"/>
    <property name="java.vm.version" value="25.291-b10"/>
    <property name="user.country.format" value="BB"/>
    <property name="java.vm.vendor" value="Oracle Corporation"/>
    <property name="maven.multiModuleProjectDirectory" value="D:\QA Automation\NewVSSDTool"/>
    <property name="java.vendor.url" value="http://java.oracle.com/"/>
    <property name="path.separator" value=";"/>
    <property name="guice.disable.misplaced.annotation.check" value="true"/>
    <property name="java.vm.name" value="Java HotSpot(TM) 64-Bit Server VM"/>
    <property name="file.encoding.pkg" value="sun.io"/>
    <property name="user.script" value=""/>
    <property name="user.country" value="US"/>
    <property name="sun.java.launcher" value="SUN_STANDARD"/>
    <property name="sun.os.patch.level" value=""/>
    <property name="java.vm.specification.name" value="Java Virtual Machine Specification"/>
    <property name="user.dir" value="D:\QA Automation\NewVSSDTool"/>
    <property name="java.runtime.version" value="1.8.0_291-b10"/>
    <property name="java.awt.graphicsenv" value="sun.awt.Win32GraphicsEnvironment"/>
    <property name="java.endorsed.dirs" value="C:\Program Files\Java\jdk1.8.0_291\jre\lib\endorsed"/>
    <property name="os.arch" value="amd64"/>
    <property name="java.io.tmpdir" value="C:\Users\user\AppData\Local\Temp\"/>
    <property name="line.separator" value="
"/>
    <property name="java.vm.specification.vendor" value="Oracle Corporation"/>
    <property name="user.variant" value=""/>
    <property name="os.name" value="Windows 10"/>
    <property name="classworlds.conf" value="D:\QA Automation\.metadata\.plugins\org.eclipse.m2e.launching\launches\m2conf4984288501509926658.tmp"/>
    <property name="sun.jnu.encoding" value="Cp1252"/>
    <property name="java.library.path" value="C:\Program Files\Java\jdk1.8.0_291\bin;C:\WINDOWS\Sun\Java\bin;C:\WINDOWS\system32;C:\WINDOWS;C:/Program Files/Java/jdk-14.0.2/bin/server;C:/Program Files/Java/jdk-14.0.2/bin;C:\Program Files\Microsoft MPI\Bin\;C:\Program Files (x86)\Common Files\Oracle\Java\javapath;C:\WINDOWS\system32;C:\WINDOWS;C:\WINDOWS\System32\Wbem;C:\WINDOWS\System32\WindowsPowerShell\v1.0\;C:\WINDOWS\System32\OpenSSH\;C:\Program Files (x86)\Microsoft SQL Server\150\DTS\Binn\;C:\Program Files\Microsoft SQL Server\Client SDK\ODBC\130\Tools\Binn\;C:\Program Files (x86)\Microsoft SQL Server\140\Tools\Binn\;C:\Program Files\Microsoft SQL Server\140\Tools\Binn\;C:\Program Files\Microsoft SQL Server\140\DTS\Binn\;C:\Program Files (x86)\Microsoft SQL Server\140\DTS\Binn\;C:\Program Files\Git\cmd;D:\HPe WorkSpace\apache-maven-3.6.3-bin\bin;D:\GitRepo\hpe SSD Project\Driver;C:\Program Files\MySQL\MySQL Server 5.5\bin;C:\Program Files\PuTTY\;C:\Users\user\AppData\Local\Microsoft\WindowsApps;C:\Users\user\AppData\Local\GitHubDesktop\bin;;C:\Users\user\Desktop;;."/>
    <property name="java.specification.name" value="Java Platform API Specification"/>
    <property name="java.class.version" value="52.0"/>
    <property name="sun.management.compiler" value="HotSpot 64-Bit Tiered Compilers"/>
    <property name="os.version" value="10.0"/>
    <property name="user.home" value="C:\Users\user"/>
    <property name="user.timezone" value="America/Los_Angeles"/>
    <property name="java.awt.printerjob" value="sun.awt.windows.WPrinterJob"/>
    <property name="java.specification.version" value="1.8"/>
    <property name="file.encoding" value="Cp1252"/>
    <property name="user.name" value="user"/>
    <property name="java.class.path" value="C:\Users\user\.p2\pool\plugins\org.eclipse.m2e.maven.runtime_1.16.0.20210129-0849\jars\plexus-classworlds-2.6.0.jar"/>
    <property name="java.vm.specification.version" value="1.8"/>
    <property name="sun.arch.data.model" value="64"/>
    <property name="java.home" value="C:\Program Files\Java\jdk1.8.0_291\jre"/>
    <property name="sun.java.command" value="org.codehaus.plexus.classworlds.launcher.Launcher -B install"/>
    <property name="java.specification.vendor" value="Oracle Corporation"/>
    <property name="user.language" value="en"/>
    <property name="awt.toolkit" value="sun.awt.windows.WToolkit"/>
    <property name="java.vm.info" value="mixed mode"/>
    <property name="java.version" value="1.8.0_291"/>
    <property name="java.ext.dirs" value="C:\Program Files\Java\jdk1.8.0_291\jre\lib\ext;C:\WINDOWS\Sun\Java\lib\ext"/>
    <property name="sun.boot.class.path" value="C:\Program Files\Java\jdk1.8.0_291\jre\lib\resources.jar;C:\Program Files\Java\jdk1.8.0_291\jre\lib\rt.jar;C:\Program Files\Java\jdk1.8.0_291\jre\lib\sunrsasign.jar;C:\Program Files\Java\jdk1.8.0_291\jre\lib\jsse.jar;C:\Program Files\Java\jdk1.8.0_291\jre\lib\jce.jar;C:\Program Files\Java\jdk1.8.0_291\jre\lib\charsets.jar;C:\Program Files\Java\jdk1.8.0_291\jre\lib\jfr.jar;C:\Program Files\Java\jdk1.8.0_291\jre\classes"/>
    <property name="java.vendor" value="Oracle Corporation"/>
    <property name="maven.home" value="D:\QA Automation\NewVSSDTool\EMBEDDED"/>
    <property name="file.separator" value="\"/>
    <property name="java.vendor.url.bug" value="http://bugreport.sun.com/bugreport/"/>
    <property name="sun.cpu.endian" value="little"/>
    <property name="sun.io.unicode.encoding" value="UnicodeLittle"/>
    <property name="sun.desktop" value="windows"/>
    <property name="sun.cpu.isalist" value="amd64"/>
  </properties>
  <testcase classname="hpe.NewSSD.SSDModuleTest" name="ToVerifySSDURLLaunch" time="2.429">
    <failure type="java.lang.NullPointerException">java.lang.NullPointerException
	at hpessdResource.BaseClass.Intialization(BaseClass.java:82)
	at hpe.NewSSD.SSDModuleTest.ToVerifySSDURLLaunch(SSDModuleTest.java:57)
</failure>
    <system-out>Configuring TestNG with: org.apache.maven.surefire.testng.conf.TestNG652Configurator@5479e3f
</system-out>
  </testcase>
  <testcase classname="hpe.NewSSD.SSDModuleTest" name="ToVerifySSDURLLaunch" time="0.002">
    <skipped/>
  </testcase>
  <testcase classname="hpe.NewSSD.SSDModuleTest" name="ToVerifyLabelInHomePage" time="0">
    <skipped/>
  </testcase>
  <testcase classname="hpe.NewSSD.SSDModuleTest" name="ToVerifyHelpMeChooseBtn" time="0">
    <skipped/>
  </testcase>
  <testcase classname="hpe.NewSSD.SSDModuleTest" name="ToVerifyWorkloadDisplay" time="0">
    <skipped/>
  </testcase>
  <testcase classname="hpe.NewSSD.SSDModuleTest" name="ToSelectTheWorkload" time="0">
    <skipped/>
  </testcase>
  <testcase classname="hpe.NewSSD.SSDModuleTest" name="ToVerifySSDTypePage" time="0">
    <skipped/>
  </testcase>
  <testcase classname="hpe.NewSSD.SSDModuleTest" name="ToVerifyToSelectSeverType" time="0">
    <skipped/>
  </testcase>
  <testcase classname="hpe.NewSSD.SSDModuleTest" name="ToVerifyInterfacePage" time="0">
    <skipped/>
  </testcase>
  <testcase classname="hpe.NewSSD.SSDModuleTest" name="ToVerifyFormFactorPage" time="0">
    <skipped/>
  </testcase>
  <testcase classname="hpe.NewSSD.SSDModuleTest" name="ToVerifyMainstreamPage" time="0.001">
    <skipped/>
  </testcase>
  <testcase classname="hpe.NewSSD.SSDModuleTest" name="ToVerifySSDResultPage" time="0">
    <skipped/>
  </testcase>
  <testcase classname="hpe.NewSSD.SSDModuleTest" name="ToVerifySSDResults" time="0.001">
    <skipped/>
  </testcase>
  <testcase classname="hpe.NewSSD.SSDModuleTest" name="ToVerifyResultPageSelectedServerTypeDisplayed" time="0.001">
    <skipped/>
  </testcase>
  <testcase classname="hpe.NewSSD.SSDModuleTest" name="ToVerifyToSelectServerModel" time="0">
    <skipped/>
  </testcase>
  <testcase classname="hpe.NewSSD.SSDModuleTest" name="ToVerifySSDsResults" time="0">
    <skipped/>
  </testcase>
  <testcase classname="hpe.NewSSD.SSDModuleTest" name="ToVerifySSDsResultOnChangeServertype" time="0">
    <skipped/>
  </testcase>
  <testcase classname="hpe.NewSSD.SSDModuleTest" name="ToVerifySSDsMixedMainStreamResults" time="0">
    <skipped/>
  </testcase>
  <testcase classname="hpe.NewSSD.SSDModuleTest" name="ToVerifyToSelectServerType" time="0">
    <skipped/>
  </testcase>
  <testcase classname="hpe.NewSSD.SSDModuleTest" name="ToVerifySelectedServerSSDs" time="0">
    <skipped/>
  </testcase>
  <testcase classname="hpe.NewSSD.SSDModuleTest" name="ToVerifyAlertMessageUnableUnCheckBestAvailabilityOptions" time="0.001">
    <skipped/>
  </testcase>
  <testcase classname="hpe.NewSSD.SSDModuleTest" name="ToVerifySSDResultsNotChanged" time="0">
    <skipped/>
  </testcase>
  <testcase classname="hpe.NewSSD.SSDModuleTest" name="ToVerifySKUNumberInSearchTab" time="0">
    <skipped/>
  </testcase>
  <testcase classname="hpe.NewSSD.SSDModuleTest" name="ToVerifySSDResultBasedOnSearch" time="0">
    <skipped/>
  </testcase>
  <testcase classname="hpe.NewSSD.SSDModuleTest" name="ToVerifySSDResultClearedSearchTab" time="0">
    <skipped/>
  </testcase>
  <testcase classname="hpe.NewSSD.SSDModuleTest" name="ToVerifyCapacitySliderValue" time="0">
    <skipped/>
  </testcase>
  <testcase classname="hpe.NewSSD.SSDModuleTest" name="ToVerifyMessageDisplayedForInvalidSKU" time="0.001">
    <skipped/>
  </testcase>
  <testcase classname="hpe.NewSSD.SSDModuleTest" name="ToVerifyNoSSDMessageDisplayed" time="0">
    <skipped/>
  </testcase>
  <testcase classname="hpe.NewSSD.SSDModuleTest" name="ToVerifyMessageDisplayedInRedColour" time="0">
    <skipped/>
  </testcase>
  <testcase classname="hpe.NewSSD.SSDModuleTest" name="ToVerifySSDDisplayed" time="0">
    <skipped/>
  </testcase>
  <testcase classname="hpe.NewSSD.SSDModuleTest" name="ToVerifyResetButton" time="0.001">
    <skipped/>
  </testcase>
  <testcase classname="hpe.NewSSD.SSDModuleTest" name="ToVerifyMaxCapacityValue" time="0.002">
    <skipped/>
  </testcase>
  <testcase classname="hpe.NewSSD.SSDModuleTest" name="ToVerifySpecialFeatureIcons" time="0">
    <skipped/>
  </testcase>
  <testcase classname="hpe.NewSSD.SSDModuleTest" name="MouseTextForSanitizeBlockEraseToolTip" time="0.002">
    <skipped/>
  </testcase>
  <testcase classname="hpe.NewSSD.SSDModuleTest" name="MouseTextForSanitizeCryptoEraseToolTip" time="0">
    <skipped/>
  </testcase>
  <testcase classname="hpe.NewSSD.SSDModuleTest" name="MouseTextForSecureEraseToolTip" time="0.001">
    <skipped/>
  </testcase>
  <testcase classname="hpe.NewSSD.SSDModuleTest" name="MouseTextForTrimToolTip" time="0">
    <skipped/>
  </testcase>
  <testcase classname="hpe.NewSSD.SSDModuleTest" name="MouseTextForSelfEncrypDriverToolTip" time="0.001">
    <skipped/>
  </testcase>
  <testcase classname="hpe.NewSSD.SSDModuleTest" name="MouseTextForDigitallySignedToolTip" time="0.001">
    <skipped/>
  </testcase>
  <testcase classname="hpe.NewSSD.SSDModuleTest" name="MouseTextForPowerThrottlingToolTip" time="0.001">
    <skipped/>
  </testcase>
  <testcase classname="hpe.NewSSD.SSDModuleTest" name="MouseTextForTradeArgementActToolTip" time="0">
    <skipped/>
  </testcase>
  <testcase classname="hpe.NewSSD.SSDModuleTest" name="MouseTextForFederalInformationToolTip" time="0">
    <skipped/>
  </testcase>
  <testcase classname="hpe.NewSSD.SSDModuleTest" name="MouseTextForNonDisruptiveUpdateToolTip" time="0">
    <skipped/>
  </testcase>
  <testcase classname="hpe.NewSSD.SSDModuleTest" name="ToVerifyHomePageDisplay" time="0">
    <skipped/>
  </testcase>
  <testcase classname="hpe.NewSSD.SSDModuleTest" name="ToVerifyHepMeChoose" time="0">
    <skipped/>
  </testcase>
  <testcase classname="hpe.NewSSD.SSDModuleTest" name="ToVerifySSDPageOptions" time="0">
    <skipped/>
  </testcase>
  <testcase classname="hpe.NewSSD.SSDModuleTest" name="ToVerifyServerTypePageOptions" time="0.001">
    <skipped/>
  </testcase>
  <testcase classname="hpe.NewSSD.SSDModuleTest" name="ToVerifyInterfaceOption" time="0">
    <skipped/>
  </testcase>
  <testcase classname="hpe.NewSSD.SSDModuleTest" name="ToVerifyServerTypeOptions" time="0">
    <skipped/>
  </testcase>
</testsuite>