<?xml version="1.0" encoding="UTF-8"?>
<!-- Generated by org.testng.reporters.JUnitReportReporter -->
<testsuite skipped="0" hostname="DESKTOP-D27FDN2" name="hpe.NewSSD.SSDReadAll" tests="43" failures="0" timestamp="2021-05-18T09:21:07 PDT" time="77.508" errors="0">
  <testcase name="ToVerifyHomepage" time="16.035" classname="hpe.NewSSD.SSDReadAll"/>
  <system-out/>
  <testcase name="ToVerifyHomePageLabels" time="0.665" classname="hpe.NewSSD.SSDReadAll"/>
  <system-out/>
  <testcase name="ToVerifyHomePagePDFFilesOpen" time="5.951" classname="hpe.NewSSD.SSDReadAll"/>
  <system-out/>
  <testcase name="ToVerifyWorkloadURL" time="0.011" classname="hpe.NewSSD.SSDReadAll"/>
  <system-out/>
  <testcase name="ToVerifyDisplayOfWorkloads" time="0.126" classname="hpe.NewSSD.SSDReadAll"/>
  <system-out/>
  <testcase name="ToVerifyWorkloadPageComponents" time="0.334" classname="hpe.NewSSD.SSDReadAll"/>
  <system-out/>
  <testcase name="ToVerifyToSelectReadIntensiveWorkload" time="0.367" classname="hpe.NewSSD.SSDReadAll"/>
  <system-out/>
  <testcase name="ToVerifyToOpenPDFFile" time="0.788" classname="hpe.NewSSD.SSDReadAll"/>
  <system-out/>
  <testcase name="ToVerifyWorkloadBackBtn" time="3.189" classname="hpe.NewSSD.SSDReadAll"/>
  <system-out/>
  <testcase name="ToVerifyToSelectReadIntensive" time="1.915" classname="hpe.NewSSD.SSDReadAll"/>
  <system-out/>
  <testcase name="ToVerifySSDPageDisplayed" time="0.028" classname="hpe.NewSSD.SSDReadAll"/>
  <system-out/>
  <testcase name="ToVerifySSDTypeIsSelected" time="0.033" classname="hpe.NewSSD.SSDReadAll"/>
  <system-out/>
  <testcase name="ToVerifyReadIntensiveSelected" time="6.424" classname="hpe.NewSSD.SSDReadAll"/>
  <system-out/>
  <testcase name="ToVerifyServerTypePageDisplayed" time="0.096" classname="hpe.NewSSD.SSDReadAll"/>
  <system-out/>
  <testcase name="ToVerifyServerTypeMenuBar" time="0.040" classname="hpe.NewSSD.SSDReadAll"/>
  <system-out/>
  <testcase name="ToVerifyServerPageLabels" time="0.118" classname="hpe.NewSSD.SSDReadAll"/>
  <system-out/>
  <testcase name="ToVerifyServerTypeServerModel" time="12.287" classname="hpe.NewSSD.SSDReadAll"/>
  <system-out/>
  <testcase name="ToSelectServerTypeServerModel" time="0.606" classname="hpe.NewSSD.SSDReadAll"/>
  <system-out/>
  <testcase name="ToVerifyCapacityAlert" time="1.161" classname="hpe.NewSSD.SSDReadAll"/>
  <system-out/>
  <testcase name="ToMaximumPtToMiddlePt" time="0.700" classname="hpe.NewSSD.SSDReadAll"/>
  <system-out/>
  <testcase name="ToVerifyInterfacePage" time="3.499" classname="hpe.NewSSD.SSDReadAll"/>
  <system-out/>
  <testcase name="ToVerifySSDValues" time="1.060" classname="hpe.NewSSD.SSDReadAll"/>
  <system-out/>
  <testcase name="ToVerifyInterfaceLabels" time="1.821" classname="hpe.NewSSD.SSDReadAll"/>
  <system-out/>
  <testcase name="ToEditInterfaceOptions" time="2.394" classname="hpe.NewSSD.SSDReadAll"/>
  <system-out/>
  <testcase name="ToVerifyEditedOptionsRetained" time="3.032" classname="hpe.NewSSD.SSDReadAll"/>
  <system-out/>
  <testcase name="ToVerifyFormFactorPage" time="0.008" classname="hpe.NewSSD.SSDReadAll"/>
  <system-out/>
  <testcase name="ToVerifyFormFactorOptions" time="0.096" classname="hpe.NewSSD.SSDReadAll"/>
  <system-out/>
  <testcase name="ToEditFormFactionOptions" time="1.487" classname="hpe.NewSSD.SSDReadAll"/>
  <system-out/>
  <testcase name="ToVerifyEditedOptionRetained" time="3.178" classname="hpe.NewSSD.SSDReadAll"/>
  <system-out/>
  <testcase name="ToVerifyBestAvailabilityPageDisplayed" time="0.041" classname="hpe.NewSSD.SSDReadAll"/>
  <system-out/>
  <testcase name="ToVerifyToEditSelectedOption" time="3.859" classname="hpe.NewSSD.SSDReadAll"/>
  <system-out/>
  <testcase name="ToVerifyResultPageDisplayed" time="0.070" classname="hpe.NewSSD.SSDReadAll"/>
  <system-out/>
  <testcase name="ToVerifyWorkloadSelectedOptionDisplayed" time="0.072" classname="hpe.NewSSD.SSDReadAll"/>
  <system-out/>
  <testcase name="ToVerifySelectedInterfaceOptionsDisplayed" time="0.177" classname="hpe.NewSSD.SSDReadAll"/>
  <system-out/>
  <testcase name="ToVerifySelectedFormFactorDisplayed" time="0.127" classname="hpe.NewSSD.SSDReadAll"/>
  <system-out/>
  <testcase name="ToVerifySelectedCatergoryDisplayed" time="0.088" classname="hpe.NewSSD.SSDReadAll"/>
  <system-out/>
  <testcase name="ToVerifySelectedServerTypeDisplayed" time="0.417" classname="hpe.NewSSD.SSDReadAll"/>
  <system-out/>
  <testcase name="ToVerifySliderLables" time="0.275" classname="hpe.NewSSD.SSDReadAll"/>
  <system-out/>
  <testcase name="ToVerifySSDResultsDisplayedBasedOnServerType" time="0.148" classname="hpe.NewSSD.SSDReadAll"/>
  <system-out/>
  <testcase name="ToVerifyDownloadExportCSVFile" time="1.179" classname="hpe.NewSSD.SSDReadAll"/>
  <system-out/>
  <testcase name="ToVerifyDownloadExportExcelFile" time="1.384" classname="hpe.NewSSD.SSDReadAll"/>
  <system-out/>
  <testcase name="ToVerifySSDsUponSelectingServerTypeToPleaseSelectServerType" time="0.904" classname="hpe.NewSSD.SSDReadAll"/>
  <system-out/>
  <testcase name="ToVerifyAllReadSSDsDisplayedOnSelectServerType" time="1.318" classname="hpe.NewSSD.SSDReadAll"/>
  <system-out/>
</testsuite> <!-- hpe.NewSSD.SSDReadAll -->
