<?xml version="1.0" encoding="UTF-8"?>
<!-- Generated by org.testng.reporters.JUnitReportReporter -->
<testsuite skipped="0" hostname="DESKTOP-D27FDN2" name="hpe.NewSSD.SSDWorkload" tests="14" failures="0" timestamp="2021-05-25T01:29:14 PDT" time="17.832" errors="0">
  <testcase name="ToVerifyURLLauch" time="0.002" classname="hpe.NewSSD.SSDWorkload"/>
  <system-out/>
  <testcase name="ToVerifyWorkloadPage" time="0.021" classname="hpe.NewSSD.SSDWorkload"/>
  <system-out/>
  <testcase name="ToVerifyAbleToSelectWorkload" time="0.680" classname="hpe.NewSSD.SSDWorkload"/>
  <system-out/>
  <testcase name="ToVerifySelectAllReadIntensiveWorkload" time="0.302" classname="hpe.NewSSD.SSDWorkload"/>
  <system-out/>
  <testcase name="ToVerifyNextButtonEnabled" time="0.053" classname="hpe.NewSSD.SSDWorkload"/>
  <system-out/>
  <testcase name="ToVerifyReadIntensiveAutoSelected" time="3.407" classname="hpe.NewSSD.SSDWorkload"/>
  <system-out/>
  <testcase name="ToVerifyDeselectReadIntensiveworkload" time="2.648" classname="hpe.NewSSD.SSDWorkload"/>
  <system-out/>
  <testcase name="ToVerifyNextButtonDisabled" time="0.058" classname="hpe.NewSSD.SSDWorkload"/>
  <system-out/>
  <testcase name="ToVerifyAllWorkloadSelected" time="0.104" classname="hpe.NewSSD.SSDWorkload"/>
  <system-out/>
  <testcase name="ToVerifyPDFFileLink" time="0.848" classname="hpe.NewSSD.SSDWorkload"/>
  <system-out/>
  <testcase name="ToVerifySelectedOptionRetained" time="0.202" classname="hpe.NewSSD.SSDWorkload"/>
  <system-out/>
  <testcase name="ToVerifyAutoSelectedSSDType" time="2.048" classname="hpe.NewSSD.SSDWorkload"/>
  <system-out/>
  <testcase name="ToVerifyselectAllworkload" time="7.384" classname="hpe.NewSSD.SSDWorkload"/>
  <system-out/>
  <testcase name="ToVerifyMenuBarworkload" time="0.075" classname="hpe.NewSSD.SSDWorkload"/>
  <system-out/>
</testsuite> <!-- hpe.NewSSD.SSDWorkload -->
