<?xml version="1.0" encoding="UTF-8"?>
<!-- Generated by org.testng.reporters.JUnitReportReporter -->
<testsuite skipped="0" hostname="DESKTOP-D27FDN2" name="hpe.NewSSD.SSDInterfaceTypePage" tests="11" failures="0" timestamp="2021-05-25T01:29:14 PDT" time="9.949" errors="0">
  <testcase name="ToVerifyInterfacePageURL" time="2.459" classname="hpe.NewSSD.SSDInterfaceTypePage"/>
  <system-out/>
  <testcase name="ToVerifyInterfacePageComponents" time="0.328" classname="hpe.NewSSD.SSDInterfaceTypePage"/>
  <system-out/>
  <testcase name="ToVerifyInterfacePageMenuBar" time="0.176" classname="hpe.NewSSD.SSDInterfaceTypePage"/>
  <system-out/>
  <testcase name="ToVerifyInterfaceTypes" time="0.053" classname="hpe.NewSSD.SSDInterfaceTypePage"/>
  <system-out/>
  <testcase name="ToVerifyOptionsGetsDisable" time="0.553" classname="hpe.NewSSD.SSDInterfaceTypePage"/>
  <system-out/>
  <testcase name="ToVerifySelectAllEnabled" time="0.124" classname="hpe.NewSSD.SSDInterfaceTypePage"/>
  <system-out/>
  <testcase name="ToVerifyInterfaceEditOption" time="0.154" classname="hpe.NewSSD.SSDInterfaceTypePage"/>
  <system-out/>
  <testcase name="ToVerifyNextButton" time="1.912" classname="hpe.NewSSD.SSDInterfaceTypePage"/>
  <system-out/>
  <testcase name="ToVerifyFormFactorPageIsOpened" time="1.782" classname="hpe.NewSSD.SSDInterfaceTypePage"/>
  <system-out/>
  <testcase name="ToVerifyRetainedValuesInServerTypePage" time="0.087" classname="hpe.NewSSD.SSDInterfaceTypePage"/>
  <system-out/>
  <testcase name="ToClickonSelectAllOption" time="2.321" classname="hpe.NewSSD.SSDInterfaceTypePage"/>
  <system-out/>
</testsuite> <!-- hpe.NewSSD.SSDInterfaceTypePage -->
