<?xml version="1.0" encoding="UTF-8"?>
<!-- Generated by org.testng.reporters.JUnitReportReporter -->
<testsuite skipped="0" hostname="DESKTOP-D27FDN2" name="hpe.NewSSD.SSDFormFactorTypePage" tests="12" failures="0" timestamp="2021-05-25T01:29:14 PDT" time="7.953" errors="0">
  <testcase name="ToVerifyFFURL" time="0.016" classname="hpe.NewSSD.SSDFormFactorTypePage"/>
  <system-out/>
  <testcase name="ToVerifFormFactorPageComponents" time="0.441" classname="hpe.NewSSD.SSDFormFactorTypePage"/>
  <system-out/>
  <testcase name="ToVerifyFormFactorPageMenuBar" time="0.427" classname="hpe.NewSSD.SSDFormFactorTypePage"/>
  <system-out/>
  <testcase name="ToVerifyFormFactorChecKBoxesTypes" time="0.433" classname="hpe.NewSSD.SSDFormFactorTypePage"/>
  <system-out/>
  <testcase name="ToVerifyFormFactorOptionsGetDisabled" time="0.325" classname="hpe.NewSSD.SSDFormFactorTypePage"/>
  <system-out/>
  <testcase name="ToVerifyRetainedValuesInInterfaceTypePage" time="0.178" classname="hpe.NewSSD.SSDFormFactorTypePage"/>
  <system-out/>
  <testcase name="ToVerifySelectAllOptionSelected" time="0.050" classname="hpe.NewSSD.SSDFormFactorTypePage"/>
  <system-out/>
  <testcase name="ToVerifyFFNextButton" time="2.004" classname="hpe.NewSSD.SSDFormFactorTypePage"/>
  <system-out/>
  <testcase name="ToVerifyBestAvailabilityPage" time="1.874" classname="hpe.NewSSD.SSDFormFactorTypePage"/>
  <system-out/>
  <testcase name="ToVerifyRetainedValuesInFormFactor" time="0.129" classname="hpe.NewSSD.SSDFormFactorTypePage"/>
  <system-out/>
  <testcase name="ToVerifyAllCheckBoxesSelectedInFormFactor" time="0.461" classname="hpe.NewSSD.SSDFormFactorTypePage"/>
  <system-out/>
  <testcase name="ToClickNextButtonInFormFactorPage" time="1.615" classname="hpe.NewSSD.SSDFormFactorTypePage"/>
  <system-out/>
</testsuite> <!-- hpe.NewSSD.SSDFormFactorTypePage -->
