<?xml version="1.0" encoding="UTF-8"?>
<!-- Generated by org.testng.reporters.JUnitReportReporter -->
<testsuite skipped="0" hostname="DESKTOP-D27FDN2" name="hpe.NewSSD.SSDServertype" tests="10" failures="0" timestamp="2021-05-25T01:29:14 PDT" time="5.497" errors="0">
  <testcase name="ToVerifyServerTypePageURL" time="0.029" classname="hpe.NewSSD.SSDServertype"/>
  <system-out/>
  <testcase name="ToVerifyServerTypeLabel" time="0.119" classname="hpe.NewSSD.SSDServertype"/>
  <system-out/>
  <testcase name="ToVerifyServerModelLabel" time="0.119" classname="hpe.NewSSD.SSDServertype"/>
  <system-out/>
  <testcase name="ToVerifyCapacityLabel" time="0.131" classname="hpe.NewSSD.SSDServertype"/>
  <system-out/>
  <testcase name="ToVerifyServerTypeMenubar" time="0.070" classname="hpe.NewSSD.SSDServertype"/>
  <system-out/>
  <testcase name="ToVerifyMenuBar" time="0.103" classname="hpe.NewSSD.SSDServertype"/>
  <system-out/>
  <testcase name="ToSelectServerType" time="0.686" classname="hpe.NewSSD.SSDServertype"/>
  <system-out/>
  <testcase name="ToSelectServerModel" time="0.562" classname="hpe.NewSSD.SSDServertype"/>
  <system-out/>
  <testcase name="ToSelectCapacity" time="2.698" classname="hpe.NewSSD.SSDServertype"/>
  <system-out/>
  <testcase name="ToRetainCapacityValue" time="0.980" classname="hpe.NewSSD.SSDServertype"/>
  <system-out/>
</testsuite> <!-- hpe.NewSSD.SSDServertype -->
