<?xml version="1.0" encoding="UTF-8"?>
<!-- Generated by org.testng.reporters.JUnitReportReporter -->
<testsuite skipped="0" hostname="DESKTOP-D27FDN2" name="hpe.NewSSD.SSDBestAvailabilityTypePage" tests="9" failures="0" timestamp="2021-05-25T01:29:14 PDT" time="8.133" errors="0">
  <testcase name="ToVerifyBestAvailabilityPageURL" time="0.036" classname="hpe.NewSSD.SSDBestAvailabilityTypePage"/>
  <system-out/>
  <testcase name="ToVerifyBestAvailabilityPageComponents" time="0.227" classname="hpe.NewSSD.SSDBestAvailabilityTypePage"/>
  <system-out/>
  <testcase name="ToVerifyBestAvailabilityPageMenuBar" time="0.459" classname="hpe.NewSSD.SSDBestAvailabilityTypePage"/>
  <system-out/>
  <testcase name="ToVerifyBestAvailabilityTypes" time="0.134" classname="hpe.NewSSD.SSDBestAvailabilityTypePage"/>
  <system-out/>
  <testcase name="ToVerifyBestAvailabilityPageGetsDisabled" time="0.226" classname="hpe.NewSSD.SSDBestAvailabilityTypePage"/>
  <system-out/>
  <testcase name="ToVerifyValuesRetainedInFormFactorPage" time="3.551" classname="hpe.NewSSD.SSDBestAvailabilityTypePage"/>
  <system-out/>
  <testcase name="ToVerifyMainstreamOptionSelected" time="0.140" classname="hpe.NewSSD.SSDBestAvailabilityTypePage"/>
  <system-out/>
  <testcase name="ToVerifyNextButtonClickInBestAvailability" time="3.329" classname="hpe.NewSSD.SSDBestAvailabilityTypePage"/>
  <system-out/>
  <testcase name="ToVerifyResultPageURL" time="0.031" classname="hpe.NewSSD.SSDBestAvailabilityTypePage"/>
  <system-out/>
</testsuite> <!-- hpe.NewSSD.SSDBestAvailabilityTypePage -->
