<?xml version="1.0" encoding="UTF-8"?>
<!-- Generated by org.testng.reporters.JUnitReportReporter -->
<testsuite skipped="0" hostname="DESKTOP-D27FDN2" name="hpe.NewSSD.SSDHomePage" tests="12" failures="0" timestamp="2021-05-25T01:29:14 PDT" time="38.897" errors="0">
  <testcase name="ToVerifyLanchedURL" time="24.715" classname="hpe.NewSSD.SSDHomePage"/>
  <system-out/>
  <testcase name="ToVerifyPopMessage" time="0.200" classname="hpe.NewSSD.SSDHomePage"/>
  <system-out/>
  <testcase name="ToVerifyAgreeButton" time="0.196" classname="hpe.NewSSD.SSDHomePage"/>
  <system-out/>
  <testcase name="ToVerifyHelpMeBtnLabel" time="0.242" classname="hpe.NewSSD.SSDHomePage"/>
  <system-out/>
  <testcase name="ToVerifyIKnowBtnLabel" time="0.095" classname="hpe.NewSSD.SSDHomePage"/>
  <system-out/>
  <testcase name="ToVerifyReleaseLinkLabel" time="0.246" classname="hpe.NewSSD.SSDHomePage"/>
  <system-out/>
  <testcase name="ToVerifyUserManualLinkLabel" time="0.147" classname="hpe.NewSSD.SSDHomePage"/>
  <system-out/>
  <testcase name="ToVerifyIKnowWhatINeed" time="5.160" classname="hpe.NewSSD.SSDHomePage"/>
  <system-out/>
  <testcase name="ToVerifyToGetBackHomePage" time="3.654" classname="hpe.NewSSD.SSDHomePage"/>
  <system-out/>
  <testcase name="ToVerifyReleaseNotesLink" time="1.096" classname="hpe.NewSSD.SSDHomePage"/>
  <system-out/>
  <testcase name="ToVerifyUserManualLink" time="1.229" classname="hpe.NewSSD.SSDHomePage"/>
  <system-out/>
  <testcase name="ToVerifyHelpMeChoose" time="1.917" classname="hpe.NewSSD.SSDHomePage"/>
  <system-out/>
</testsuite> <!-- hpe.NewSSD.SSDHomePage -->
