<?xml version="1.0" encoding="UTF-8"?>
<!-- Generated by org.testng.reporters.JUnitReportReporter -->
<testsuite skipped="48" hostname="DESKTOP-D27FDN2" name="hpe.NewSSD.SSDModuleTest" tests="49" failures="0" timestamp="2021-05-31T11:27:00 PDT" time="0.055" errors="1">
  <testcase name="ToVerifySSDURLLaunch" time="0.000" classname="hpe.NewSSD.SSDModuleTest">
    <skipped/>
  </testcase> <!-- ToVerifySSDURLLaunch -->
  <system-out/>
  <testcase name="ToVerifySSDURLLaunch" time="0.055" classname="hpe.NewSSD.SSDModuleTest">
    <error type="java.lang.NullPointerException">
      <![CDATA[java.lang.NullPointerException
at hpessdResource.BaseClass.Intialization(BaseClass.java:82)
at hpe.NewSSD.SSDModuleTest.ToVerifySSDURLLaunch(SSDModuleTest.java:57)
at sun.reflect.NativeMethodAccessorImpl.invoke0(Native Method)
at sun.reflect.NativeMethodAccessorImpl.invoke(NativeMethodAccessorImpl.java:62)
at sun.reflect.DelegatingMethodAccessorImpl.invoke(DelegatingMethodAccessorImpl.java:43)
at java.lang.reflect.Method.invoke(Method.java:498)
at org.testng.internal.MethodInvocationHelper.invokeMethod(MethodInvocationHelper.java:132)
at org.testng.internal.MethodInvocationHelper.invokeMethodConsideringTimeout(MethodInvocationHelper.java:61)
at org.testng.internal.ConfigInvoker.invokeConfigurationMethod(ConfigInvoker.java:366)
at org.testng.internal.ConfigInvoker.invokeConfigurations(ConfigInvoker.java:320)
at org.testng.TestRunner.invokeTestConfigurations(TestRunner.java:617)
at org.testng.TestRunner.beforeRun(TestRunner.java:607)
at org.testng.TestRunner.run(TestRunner.java:578)
at org.testng.SuiteRunner.runTest(SuiteRunner.java:384)
at org.testng.SuiteRunner.runSequentially(SuiteRunner.java:378)
at org.testng.SuiteRunner.privateRun(SuiteRunner.java:337)
at org.testng.SuiteRunner.run(SuiteRunner.java:286)
at org.testng.SuiteRunnerWorker.runSuite(SuiteRunnerWorker.java:53)
at org.testng.SuiteRunnerWorker.run(SuiteRunnerWorker.java:96)
at org.testng.TestNG.runSuitesSequentially(TestNG.java:1218)
at org.testng.TestNG.runSuitesLocally(TestNG.java:1140)
at org.testng.TestNG.runSuites(TestNG.java:1069)
at org.testng.TestNG.run(TestNG.java:1037)
at org.apache.maven.surefire.testng.TestNGExecutor.run(TestNGExecutor.java:77)
at org.apache.maven.surefire.testng.TestNGDirectoryTestSuite.executeMulti(TestNGDirectoryTestSuite.java:159)
at org.apache.maven.surefire.testng.TestNGDirectoryTestSuite.execute(TestNGDirectoryTestSuite.java:99)
at org.apache.maven.surefire.testng.TestNGProvider.invoke(TestNGProvider.java:106)
at sun.reflect.NativeMethodAccessorImpl.invoke0(Native Method)
at sun.reflect.NativeMethodAccessorImpl.invoke(NativeMethodAccessorImpl.java:62)
at sun.reflect.DelegatingMethodAccessorImpl.invoke(DelegatingMethodAccessorImpl.java:43)
at java.lang.reflect.Method.invoke(Method.java:498)
at org.apache.maven.surefire.util.ReflectionUtils.invokeMethodWithArray(ReflectionUtils.java:189)
at org.apache.maven.surefire.booter.ProviderFactory$ProviderProxy.invoke(ProviderFactory.java:165)
at org.apache.maven.surefire.booter.ProviderFactory.invokeProvider(ProviderFactory.java:85)
at org.apache.maven.surefire.booter.ForkedBooter.runSuitesInProcess(ForkedBooter.java:115)
at org.apache.maven.surefire.booter.ForkedBooter.main(ForkedBooter.java:75)
]]>
    </error>
  </testcase> <!-- ToVerifySSDURLLaunch -->
  <system-out/>
  <testcase name="ToVerifyLabelInHomePage" time="0.000" classname="hpe.NewSSD.SSDModuleTest">
    <skipped/>
  </testcase> <!-- ToVerifyLabelInHomePage -->
  <system-out/>
  <testcase name="ToVerifyHelpMeChooseBtn" time="0.000" classname="hpe.NewSSD.SSDModuleTest">
    <skipped/>
  </testcase> <!-- ToVerifyHelpMeChooseBtn -->
  <system-out/>
  <testcase name="ToVerifyWorkloadDisplay" time="0.000" classname="hpe.NewSSD.SSDModuleTest">
    <skipped/>
  </testcase> <!-- ToVerifyWorkloadDisplay -->
  <system-out/>
  <testcase name="ToSelectTheWorkload" time="0.000" classname="hpe.NewSSD.SSDModuleTest">
    <skipped/>
  </testcase> <!-- ToSelectTheWorkload -->
  <system-out/>
  <testcase name="ToVerifySSDTypePage" time="0.000" classname="hpe.NewSSD.SSDModuleTest">
    <skipped/>
  </testcase> <!-- ToVerifySSDTypePage -->
  <system-out/>
  <testcase name="ToVerifyToSelectSeverType" time="0.000" classname="hpe.NewSSD.SSDModuleTest">
    <skipped/>
  </testcase> <!-- ToVerifyToSelectSeverType -->
  <system-out/>
  <testcase name="ToVerifyInterfacePage" time="0.000" classname="hpe.NewSSD.SSDModuleTest">
    <skipped/>
  </testcase> <!-- ToVerifyInterfacePage -->
  <system-out/>
  <testcase name="ToVerifyFormFactorPage" time="0.000" classname="hpe.NewSSD.SSDModuleTest">
    <skipped/>
  </testcase> <!-- ToVerifyFormFactorPage -->
  <system-out/>
  <testcase name="ToVerifyMainstreamPage" time="0.000" classname="hpe.NewSSD.SSDModuleTest">
    <skipped/>
  </testcase> <!-- ToVerifyMainstreamPage -->
  <system-out/>
  <testcase name="ToVerifySSDResultPage" time="0.000" classname="hpe.NewSSD.SSDModuleTest">
    <skipped/>
  </testcase> <!-- ToVerifySSDResultPage -->
  <system-out/>
  <testcase name="ToVerifySSDResults" time="0.000" classname="hpe.NewSSD.SSDModuleTest">
    <skipped/>
  </testcase> <!-- ToVerifySSDResults -->
  <system-out/>
  <testcase name="ToVerifyResultPageSelectedServerTypeDisplayed" time="0.000" classname="hpe.NewSSD.SSDModuleTest">
    <skipped/>
  </testcase> <!-- ToVerifyResultPageSelectedServerTypeDisplayed -->
  <system-out/>
  <testcase name="ToVerifyToSelectServerModel" time="0.000" classname="hpe.NewSSD.SSDModuleTest">
    <skipped/>
  </testcase> <!-- ToVerifyToSelectServerModel -->
  <system-out/>
  <testcase name="ToVerifySSDsResults" time="0.000" classname="hpe.NewSSD.SSDModuleTest">
    <skipped/>
  </testcase> <!-- ToVerifySSDsResults -->
  <system-out/>
  <testcase name="ToVerifySSDsResultOnChangeServertype" time="0.000" classname="hpe.NewSSD.SSDModuleTest">
    <skipped/>
  </testcase> <!-- ToVerifySSDsResultOnChangeServertype -->
  <system-out/>
  <testcase name="ToVerifySSDsMixedMainStreamResults" time="0.000" classname="hpe.NewSSD.SSDModuleTest">
    <skipped/>
  </testcase> <!-- ToVerifySSDsMixedMainStreamResults -->
  <system-out/>
  <testcase name="ToVerifyToSelectServerType" time="0.000" classname="hpe.NewSSD.SSDModuleTest">
    <skipped/>
  </testcase> <!-- ToVerifyToSelectServerType -->
  <system-out/>
  <testcase name="ToVerifySelectedServerSSDs" time="0.000" classname="hpe.NewSSD.SSDModuleTest">
    <skipped/>
  </testcase> <!-- ToVerifySelectedServerSSDs -->
  <system-out/>
  <testcase name="ToVerifyAlertMessageUnableUnCheckBestAvailabilityOptions" time="0.000" classname="hpe.NewSSD.SSDModuleTest">
    <skipped/>
  </testcase> <!-- ToVerifyAlertMessageUnableUnCheckBestAvailabilityOptions -->
  <system-out/>
  <testcase name="ToVerifySSDResultsNotChanged" time="0.000" classname="hpe.NewSSD.SSDModuleTest">
    <skipped/>
  </testcase> <!-- ToVerifySSDResultsNotChanged -->
  <system-out/>
  <testcase name="ToVerifySKUNumberInSearchTab" time="0.000" classname="hpe.NewSSD.SSDModuleTest">
    <skipped/>
  </testcase> <!-- ToVerifySKUNumberInSearchTab -->
  <system-out/>
  <testcase name="ToVerifySSDResultBasedOnSearch" time="0.000" classname="hpe.NewSSD.SSDModuleTest">
    <skipped/>
  </testcase> <!-- ToVerifySSDResultBasedOnSearch -->
  <system-out/>
  <testcase name="ToVerifySSDResultClearedSearchTab" time="0.000" classname="hpe.NewSSD.SSDModuleTest">
    <skipped/>
  </testcase> <!-- ToVerifySSDResultClearedSearchTab -->
  <system-out/>
  <testcase name="ToVerifyCapacitySliderValue" time="0.000" classname="hpe.NewSSD.SSDModuleTest">
    <skipped/>
  </testcase> <!-- ToVerifyCapacitySliderValue -->
  <system-out/>
  <testcase name="ToVerifyMessageDisplayedForInvalidSKU" time="0.000" classname="hpe.NewSSD.SSDModuleTest">
    <skipped/>
  </testcase> <!-- ToVerifyMessageDisplayedForInvalidSKU -->
  <system-out/>
  <testcase name="ToVerifyNoSSDMessageDisplayed" time="0.000" classname="hpe.NewSSD.SSDModuleTest">
    <skipped/>
  </testcase> <!-- ToVerifyNoSSDMessageDisplayed -->
  <system-out/>
  <testcase name="ToVerifyMessageDisplayedInRedColour" time="0.000" classname="hpe.NewSSD.SSDModuleTest">
    <skipped/>
  </testcase> <!-- ToVerifyMessageDisplayedInRedColour -->
  <system-out/>
  <testcase name="ToVerifySSDDisplayed" time="0.000" classname="hpe.NewSSD.SSDModuleTest">
    <skipped/>
  </testcase> <!-- ToVerifySSDDisplayed -->
  <system-out/>
  <testcase name="ToVerifyResetButton" time="0.000" classname="hpe.NewSSD.SSDModuleTest">
    <skipped/>
  </testcase> <!-- ToVerifyResetButton -->
  <system-out/>
  <testcase name="ToVerifyMaxCapacityValue" time="0.000" classname="hpe.NewSSD.SSDModuleTest">
    <skipped/>
  </testcase> <!-- ToVerifyMaxCapacityValue -->
  <system-out/>
  <testcase name="ToVerifySpecialFeatureIcons" time="0.000" classname="hpe.NewSSD.SSDModuleTest">
    <skipped/>
  </testcase> <!-- ToVerifySpecialFeatureIcons -->
  <system-out/>
  <testcase name="MouseTextForSanitizeBlockEraseToolTip" time="0.000" classname="hpe.NewSSD.SSDModuleTest">
    <skipped/>
  </testcase> <!-- MouseTextForSanitizeBlockEraseToolTip -->
  <system-out/>
  <testcase name="MouseTextForSanitizeCryptoEraseToolTip" time="0.000" classname="hpe.NewSSD.SSDModuleTest">
    <skipped/>
  </testcase> <!-- MouseTextForSanitizeCryptoEraseToolTip -->
  <system-out/>
  <testcase name="MouseTextForSecureEraseToolTip" time="0.000" classname="hpe.NewSSD.SSDModuleTest">
    <skipped/>
  </testcase> <!-- MouseTextForSecureEraseToolTip -->
  <system-out/>
  <testcase name="MouseTextForTrimToolTip" time="0.000" classname="hpe.NewSSD.SSDModuleTest">
    <skipped/>
  </testcase> <!-- MouseTextForTrimToolTip -->
  <system-out/>
  <testcase name="MouseTextForSelfEncrypDriverToolTip" time="0.000" classname="hpe.NewSSD.SSDModuleTest">
    <skipped/>
  </testcase> <!-- MouseTextForSelfEncrypDriverToolTip -->
  <system-out/>
  <testcase name="MouseTextForDigitallySignedToolTip" time="0.000" classname="hpe.NewSSD.SSDModuleTest">
    <skipped/>
  </testcase> <!-- MouseTextForDigitallySignedToolTip -->
  <system-out/>
  <testcase name="MouseTextForPowerThrottlingToolTip" time="0.000" classname="hpe.NewSSD.SSDModuleTest">
    <skipped/>
  </testcase> <!-- MouseTextForPowerThrottlingToolTip -->
  <system-out/>
  <testcase name="MouseTextForTradeArgementActToolTip" time="0.000" classname="hpe.NewSSD.SSDModuleTest">
    <skipped/>
  </testcase> <!-- MouseTextForTradeArgementActToolTip -->
  <system-out/>
  <testcase name="MouseTextForFederalInformationToolTip" time="0.000" classname="hpe.NewSSD.SSDModuleTest">
    <skipped/>
  </testcase> <!-- MouseTextForFederalInformationToolTip -->
  <system-out/>
  <testcase name="MouseTextForNonDisruptiveUpdateToolTip" time="0.000" classname="hpe.NewSSD.SSDModuleTest">
    <skipped/>
  </testcase> <!-- MouseTextForNonDisruptiveUpdateToolTip -->
  <system-out/>
  <testcase name="ToVerifyHomePageDisplay" time="0.000" classname="hpe.NewSSD.SSDModuleTest">
    <skipped/>
  </testcase> <!-- ToVerifyHomePageDisplay -->
  <system-out/>
  <testcase name="ToVerifyHepMeChoose" time="0.000" classname="hpe.NewSSD.SSDModuleTest">
    <skipped/>
  </testcase> <!-- ToVerifyHepMeChoose -->
  <system-out/>
  <testcase name="ToVerifySSDPageOptions" time="0.000" classname="hpe.NewSSD.SSDModuleTest">
    <skipped/>
  </testcase> <!-- ToVerifySSDPageOptions -->
  <system-out/>
  <testcase name="ToVerifyServerTypePageOptions" time="0.000" classname="hpe.NewSSD.SSDModuleTest">
    <skipped/>
  </testcase> <!-- ToVerifyServerTypePageOptions -->
  <system-out/>
  <testcase name="ToVerifyInterfaceOption" time="0.000" classname="hpe.NewSSD.SSDModuleTest">
    <skipped/>
  </testcase> <!-- ToVerifyInterfaceOption -->
  <system-out/>
  <testcase name="ToVerifyServerTypeOptions" time="0.000" classname="hpe.NewSSD.SSDModuleTest">
    <skipped/>
  </testcase> <!-- ToVerifyServerTypeOptions -->
  <system-out/>
</testsuite> <!-- hpe.NewSSD.SSDModuleTest -->
